<?xml version="1.0" encoding="UTF-8"?>
<!-- Generated by org.testng.reporters.JUnitReportReporter -->
<testsuite skipped="0" hostname="DESKTOP-4TKG998" name="com.nopcommerce.tests.SearchPageTest" tests="3" failures="0" timestamp="30 Dec 2020 02:43:26 GMT" time="4.957" errors="0">
  <testcase name="verifySearchPageNameTest" time="0.664" classname="com.nopcommerce.tests.SearchPageTest"/>
  <testcase name="verifyManufacturerDropDownListTest" time="4.235" classname="com.nopcommerce.tests.SearchPageTest"/>
  <testcase name="verifyManufacturesListTest" time="0.058" classname="com.nopcommerce.tests.SearchPageTest"/>
</testsuite> <!-- com.nopcommerce.tests.SearchPageTest -->
